<?xml version="1.0" encoding="UTF-8"?>
<!-- Generated by org.testng.reporters.JUnitReportReporter -->
<testsuite hostname="LAPTOP-VI30PN44" failures="0" tests="1" name="MyAppiumTest.Monefy.MoneFyAppTest" time="15.498" errors="0" timestamp="25 May 2021 14:07:47 GMT" skipped="0">
  <testcase classname="MyAppiumTest.Monefy.MoneFyAppTest" name="AddExpenseMainButton" time="15.498"/>
</testsuite> <!-- MyAppiumTest.Monefy.MoneFyAppTest -->
