<?xml version="1.0" encoding="UTF-8"?>
<!-- Generated by org.testng.reporters.JUnitReportReporter -->
<testsuite hostname="LAPTOP-VI30PN44" failures="0" tests="1" name="MyAppiumTest.Monefy.Test1" time="0.013" errors="0" timestamp="26 May 2021 11:01:13 GMT" skipped="0">
  <testcase classname="MyAppiumTest.Monefy.Test1" name="test" time="0.013"/>
</testsuite> <!-- MyAppiumTest.Monefy.Test1 -->
