<?xml version="1.0" encoding="UTF-8"?>
<!-- Generated by org.testng.reporters.JUnitReportReporter -->
<testsuite hostname="LAPTOP-VI30PN44" failures="0" tests="3" name="MyAppiumTest.Monefy.ExpenseCategoriesTest" time="18.116" errors="0" timestamp="27 May 2021 13:03:30 GMT" skipped="0">
  <testcase classname="MyAppiumTest.Monefy.ExpenseCategoriesTest" name="AddClothsItem" time="6.154"/>
  <testcase classname="MyAppiumTest.Monefy.ExpenseCategoriesTest" name="AddEntertainmentItem" time="6.029"/>
  <testcase classname="MyAppiumTest.Monefy.ExpenseCategoriesTest" name="AddCarItem" time="5.933"/>
</testsuite> <!-- MyAppiumTest.Monefy.ExpenseCategoriesTest -->
