<?xml version="1.0" encoding="UTF-8"?>
<!-- Generated by org.testng.reporters.JUnitReportReporter -->
<testsuite hostname="LAPTOP-VI30PN44" failures="0" tests="1" name="MyAppiumTest.Monefy.DashBoardExpenseTest" time="11.489" errors="0" timestamp="27 May 2021 13:03:31 GMT" skipped="0">
  <testcase classname="MyAppiumTest.Monefy.DashBoardExpenseTest" name="DashboardExpenseButton" time="11.489"/>
</testsuite> <!-- MyAppiumTest.Monefy.DashBoardExpenseTest -->
