<?xml version="1.0" encoding="UTF-8"?>
<!-- Generated by org.testng.reporters.JUnitReportReporter -->
<testsuite hostname="LAPTOP-VI30PN44" failures="0" tests="2" name="MyAppiumTest.Monefy.DashBoardAddIncomeTest" time="15.760" errors="0" timestamp="27 May 2021 13:03:31 GMT" skipped="0">
  <testcase classname="MyAppiumTest.Monefy.DashBoardAddIncomeTest" name="IncomeCategoryDeposit" time="8.777"/>
  <testcase classname="MyAppiumTest.Monefy.DashBoardAddIncomeTest" name="IncomeCategorySalary" time="6.983"/>
</testsuite> <!-- MyAppiumTest.Monefy.DashBoardAddIncomeTest -->
