<?xml version="1.0" encoding="UTF-8"?>
<!-- Generated by org.testng.reporters.JUnitReportReporter -->
<testsuite hostname="LAPTOP-VI30PN44" failures="0" tests="1" name="MyAppiumTest.Monefy.DashBoardAddExpenseTest" time="18.290" errors="0" timestamp="26 May 2021 06:05:03 GMT" skipped="0">
  <testcase classname="MyAppiumTest.Monefy.DashBoardAddExpenseTest" name="AddExpenseMainButton" time="18.290"/>
</testsuite> <!-- MyAppiumTest.Monefy.DashBoardAddExpenseTest -->
