<?xml version="1.0" encoding="UTF-8"?>
<!-- Generated by org.testng.reporters.JUnitReportReporter -->
<testsuite hostname="LAPTOP-VI30PN44" failures="0" tests="1" name="MyAppiumTest.Monefy.DashBoardExpense" time="22.945" errors="0" timestamp="26 May 2021 11:46:25 GMT" skipped="0">
  <testcase classname="MyAppiumTest.Monefy.DashBoardExpense" name="DashboardExpenseButton" time="22.945"/>
</testsuite> <!-- MyAppiumTest.Monefy.DashBoardExpense -->
